<?xml version="1.0" encoding="UTF-8"?>
<testng-results ignored="0" total="3" passed="3" failed="0" skipped="0">
  <reporter-output>
  </reporter-output>
  <suite started-at="2024-02-16T21:48:41 IST" name="Suite" finished-at="2024-02-16T21:49:03 IST" duration-ms="22226">
    <groups>
    </groups>
    <test started-at="2024-02-16T21:48:41 IST" name="firefoxTest" finished-at="2024-02-16T21:48:52 IST" duration-ms="11296">
      <class name="crossBrowsing.CrossBrowsingTest">
        <test-method is-config="true" signature="openFirefoxBrowser(java.lang.String)[pri:0, instance:crossBrowsing.CrossBrowsingTest@a1153bc]" started-at="2024-02-16T21:48:41 IST" name="openFirefoxBrowser" finished-at="2024-02-16T21:48:47 IST" duration-ms="5808" status="PASS">
          <params>
            <param index="0">
              <value>
                <![CDATA[firefox]]>
              </value>
            </param>
          </params>
          <reporter-output>
          </reporter-output>
        </test-method> <!-- openFirefoxBrowser -->
        <test-method signature="openUrl()[pri:0, instance:crossBrowsing.CrossBrowsingTest@a1153bc]" started-at="2024-02-16T21:48:47 IST" name="openUrl" finished-at="2024-02-16T21:48:49 IST" duration-ms="2325" status="PASS">
          <reporter-output>
          </reporter-output>
        </test-method> <!-- openUrl -->
        <test-method is-config="true" signature="teardown()[pri:0, instance:crossBrowsing.CrossBrowsingTest@a1153bc]" started-at="2024-02-16T21:48:49 IST" name="teardown" finished-at="2024-02-16T21:48:52 IST" duration-ms="3094" status="PASS">
          <reporter-output>
          </reporter-output>
        </test-method> <!-- teardown -->
      </class> <!-- crossBrowsing.CrossBrowsingTest -->
    </test> <!-- firefoxTest -->
    <test started-at="2024-02-16T21:48:52 IST" name="chromeTest" finished-at="2024-02-16T21:48:56 IST" duration-ms="3768">
      <class name="crossBrowsing.CrossBrowsingTest">
        <test-method is-config="true" signature="openFirefoxBrowser(java.lang.String)[pri:0, instance:crossBrowsing.CrossBrowsingTest@40a4337a]" started-at="2024-02-16T21:48:52 IST" name="openFirefoxBrowser" finished-at="2024-02-16T21:48:54 IST" duration-ms="2050" status="PASS">
          <params>
            <param index="0">
              <value>
                <![CDATA[chrome]]>
              </value>
            </param>
          </params>
          <reporter-output>
          </reporter-output>
        </test-method> <!-- openFirefoxBrowser -->
        <test-method signature="openUrl()[pri:0, instance:crossBrowsing.CrossBrowsingTest@40a4337a]" started-at="2024-02-16T21:48:54 IST" name="openUrl" finished-at="2024-02-16T21:48:56 IST" duration-ms="1514" status="PASS">
          <reporter-output>
          </reporter-output>
        </test-method> <!-- openUrl -->
        <test-method is-config="true" signature="teardown()[pri:0, instance:crossBrowsing.CrossBrowsingTest@40a4337a]" started-at="2024-02-16T21:48:56 IST" name="teardown" finished-at="2024-02-16T21:48:56 IST" duration-ms="196" status="PASS">
          <reporter-output>
          </reporter-output>
        </test-method> <!-- teardown -->
      </class> <!-- crossBrowsing.CrossBrowsingTest -->
    </test> <!-- chromeTest -->
    <test started-at="2024-02-16T21:48:56 IST" name="edgebrowser" finished-at="2024-02-16T21:49:03 IST" duration-ms="7062">
      <class name="crossBrowsing.CrossBrowsingTest">
        <test-method is-config="true" signature="openFirefoxBrowser(java.lang.String)[pri:0, instance:crossBrowsing.CrossBrowsingTest@22ff4249]" started-at="2024-02-16T21:48:56 IST" name="openFirefoxBrowser" finished-at="2024-02-16T21:49:01 IST" duration-ms="4838" status="PASS">
          <params>
            <param index="0">
              <value>
                <![CDATA[edge]]>
              </value>
            </param>
          </params>
          <reporter-output>
          </reporter-output>
        </test-method> <!-- openFirefoxBrowser -->
        <test-method signature="openUrl()[pri:0, instance:crossBrowsing.CrossBrowsingTest@22ff4249]" started-at="2024-02-16T21:49:01 IST" name="openUrl" finished-at="2024-02-16T21:49:03 IST" duration-ms="1937" status="PASS">
          <reporter-output>
          </reporter-output>
        </test-method> <!-- openUrl -->
        <test-method is-config="true" signature="teardown()[pri:0, instance:crossBrowsing.CrossBrowsingTest@22ff4249]" started-at="2024-02-16T21:49:03 IST" name="teardown" finished-at="2024-02-16T21:49:03 IST" duration-ms="281" status="PASS">
          <reporter-output>
          </reporter-output>
        </test-method> <!-- teardown -->
      </class> <!-- crossBrowsing.CrossBrowsingTest -->
    </test> <!-- edgebrowser -->
  </suite> <!-- Suite -->
</testng-results>
