<?xml version="1.0" encoding="UTF-8"?>
<!-- Generated by org.testng.reporters.JUnitXMLReporter -->
<testsuite ignored="2" hostname="SanPC" failures="0" tests="1" name="Test" time="0.169" errors="0" timestamp="2024-02-14T09:49:13 IST">
  <testcase classname="testNgParams.Sum" name="mul" time="0.036"/>
  <testcase classname="testNgParams.Sum" name="sum" time="0.0">
    <ignored/>
  </testcase> <!-- sum -->
  <testcase classname="testNgParams.Sum" name="sub" time="0.0">
    <ignored/>
  </testcase> <!-- sub -->
</testsuite> <!-- Test -->
